  lab8.cpp
C:\учеба\8laba C++\lab8\lab8\lab8.cpp(33,53): warning C4311: приведение типов: усечение указателя из "BYTE *" в "int"
C:\учеба\8laba C++\lab8\lab8\lab8.cpp(33,53): warning C4302: приведение типов: усечение из "BYTE *" к "int"
C:\учеба\8laba C++\lab8\lab8\lab8.cpp(42,9): warning C4244: =: преобразование "const wchar_t" в "char", возможна потеря данных
C:\учеба\8laba C++\lab8\lab8\lab8.cpp(45,115): warning C4311: приведение типов: усечение указателя из "char *" в "int"
C:\учеба\8laba C++\lab8\lab8\lab8.cpp(45,115): warning C4302: приведение типов: усечение из "char *" к "int"
C:\учеба\8laba C++\lab8\lab8\lab8.cpp(51,157): warning C4311: приведение типов: усечение указателя из "int *" в "int"
C:\учеба\8laba C++\lab8\lab8\lab8.cpp(51,157): warning C4302: приведение типов: усечение из "int *" к "int"
C:\учеба\8laba C++\lab8\lab8\lab8.cpp(53,21): error C2440: =: невозможно преобразовать "char *" в "const wchar_t *"
C:\учеба\8laba C++\lab8\lab8\lab8.cpp(53,17): message : Типы, на которые указывают указатели, не связаны; для преобразования требуется reinterpret_cast, приведение в стиле С или приведение в стиле функции
C:\учеба\8laba C++\lab8\lab8\lab8.cpp(57,9): warning C4244: =: преобразование "const wchar_t" в "char", возможна потеря данных
C:\учеба\8laba C++\lab8\lab8\lab8.cpp(61,123): warning C4311: приведение типов: усечение указателя из "char *" в "int"
C:\учеба\8laba C++\lab8\lab8\lab8.cpp(61,123): warning C4302: приведение типов: усечение из "char *" к "int"
C:\учеба\8laba C++\lab8\lab8\lab8.cpp(69,145): warning C4311: приведение типов: усечение указателя из "int *" в "int"
C:\учеба\8laba C++\lab8\lab8\lab8.cpp(69,145): warning C4302: приведение типов: усечение из "int *" к "int"
C:\учеба\8laba C++\lab8\lab8\lab8.cpp(73,21): error C2440: =: невозможно преобразовать "char *" в "const wchar_t *"
C:\учеба\8laba C++\lab8\lab8\lab8.cpp(73,17): message : Типы, на которые указывают указатели, не связаны; для преобразования требуется reinterpret_cast, приведение в стиле С или приведение в стиле функции
C:\учеба\8laba C++\lab8\lab8\lab8.cpp(76,9): warning C4244: =: преобразование "const wchar_t" в "char", возможна потеря данных
C:\учеба\8laba C++\lab8\lab8\lab8.cpp(80,115): warning C4311: приведение типов: усечение указателя из "char *" в "int"
C:\учеба\8laba C++\lab8\lab8\lab8.cpp(80,115): warning C4302: приведение типов: усечение из "char *" к "int"
C:\учеба\8laba C++\lab8\lab8\lab8.cpp(86,145): warning C4311: приведение типов: усечение указателя из "int *" в "int"
C:\учеба\8laba C++\lab8\lab8\lab8.cpp(86,145): warning C4302: приведение типов: усечение из "int *" к "int"
